Wed 19 Apr 2023 09:43:11 BST >>>>>>> turnon spont limits, run and sanity check
() >>>>>>>> fix scale and other issues with evoke activity dash
Wed 19 Apr 2023 10:32:27 BST >>>>>>>> fix scale and other issues with evoke activity dash
Wed, 19 Apr 2023 10:54:35 +0100 >>>>>>>>>>>> adjusted lims spont, run
Wed, 19 Apr 2023 10:57:51 +0100 >>>>>>>>>>>>>>> terminal runs slow during computations
Wed, 19 Apr 2023 11:26:56 +0100 >>>>>>>>>>>>>>> redid plot twoc.py, changed some parameters and scale
Wed, 19 Apr 2023 11:56:10 +0100 >>>>>>>>>>>>>>> rerun plot twoc.py, after failure; used loo and got some water
Wed, 19 Apr 2023 14:47:54 +0100 >>>>>>>>>>>>>>> return from lunch and neurophys meeting
Wed, 19 Apr 2023 17:37:11 +0100 >>>>>>>>>>>>>>> still on fixing twoc.py observed data is fine, alpha is 1.04, issue predictions
Wed, 19 Apr 2023 20:06:09 +0100 >>>>>>>>>>>>>>> closing haven't fixed it yet... will try again
Tue, 25 Apr 2023 10:47:06 +0100 >>>>>>>>>>>>>>> run spont and evoked dashboards to fix bugs with three lines
Tue, 25 Apr 2023 10:47:44 +0100 >>>>>>>>>>>>>>> switching to HDS
Tue, 25 Apr 2023 20:14:07 +0100 >>>>>>>>>>>>>>> prepared for meetings with Sina: mathletes and progress meeeting
Tue, 25 Apr 2023 20:15:07 +0100 >>>>>>>>>>>>>>> fixed implementation issues with plots and dashboards, need to run to check
Wed, 26 Apr 2023 13:01:03 +0100 >>>>>>>>>>>>>>> rerun make plots, issues with twoc etc...
Wed, 26 Apr 2023 13:02:17 +0100 >>>>>>>>>>>>>>> sent email to wainwright and Wessel for accompanying tutorials and video lectures...
Wed, 26 Apr 2023 13:15:26 +0100 >>>>>>>>>>>>>>> debugged twoc, evoked dashboards...running twoc...
Wed, 26 Apr 2023 13:33:28 +0100 >>>>>>>>>>>>>>> checking on spont dashboards.....
Wed, 26 Apr 2023 13:35:04 +0100 >>>>>>>>>>>>>>> spont boards look good...
Wed, 26 Apr 2023 14:43:25 +0100 >>>>>>>>>>> def maximgs, set at 2366 since 2800 imgs is not uniform
Wed, 26 Apr 2023 17:02:49 +0100 >>>>>>>>>>> def maximgs, set at 2366 since 2800 imgs is not uniform
Wed, 26 Apr 2023 17:03:16 +0100 >>>>>>>>>>> attending cosyne-journal-club...
Thu, 27 Apr 2023 13:53:56 +0100 >>>>>>>>>>> move to the Crick, after meetings and lanuch... recreating dashboard after interrupting..
Thu, 27 Apr 2023 13:55:27 +0100 >>>>>>>>>>> work on model presentation...
Thu, 27 Apr 2023 14:53:32 +0100 >>>>>>>>>>> completed work on model schematic...
Thu, 27 Apr 2023 15:58:37 +0100 >>>>>>>>>>> recreate spont dashboards, fixed axis, add vertical lines, and few dedbug issues...
Thu, 27 Apr 2023 16:21:37 +0100 >>>>>>>>>>> recreate spont dashboards, fix axis issues and lims for plots...
Thu, 27 Apr 2023 16:58:17 +0100 >>>>>>>>>>> recreate spont  dashboards, axis still not fixed
Fri, 28 Apr 2023 12:02:51 +0100 >>>>>>>>>>> recreated evoked dashboards... 
Fri, 28 Apr 2023 12:26:41 +0100 >>>>>>>>>>> fixed axis plot, evoked dashboards... 
Fri, 28 Apr 2023 12:26:54 +0100 >>>>>>>>>>> fixed axis plot, evoked dashboards..... recreating... 
Fri, 28 Apr 2023 12:30:48 +0100 >>>>>>>>>>> switching to twog...
Fri, 28 Apr 2023 13:55:21 +0100 >>>>>>>>>>> re-wrote twog implemention... running for results...
Fri, 28 Apr 2023 13:56:11 +0100 >>>>>>>>>>> evoked dashboards complete after 1.21mins..... check results later...
Fri, 28 Apr 2023 13:56:41 +0100 >>>>>>>>>>> away for lunch...
Fri, 28 Apr 2023 15:12:46 +0100 >>>>>>>>>>> fixed issues resulting in run failure after lunch...
Fri, 28 Apr 2023 15:13:16 +0100 >>>>>>>>>>> evoked dashboards look fine...
Fri, 28 Apr 2023 15:41:39 +0100 >>>>>>>>>>> fix issues with twog, running to script now
Fri, 28 Apr 2023 16:08:31 +0100 >>>>>>>>>>> fix arr shape to plot in twog... running...
Fri, 28 Apr 2023 17:23:18 +0100 >>>>>>>>>>> fix a few debug issues after a
Fri, 28 Apr 2023 17:23:46 +0100 >>>>>>>>>>> fix a few debug issues after first pass worked...
Tue, 02 May 2023 11:48:03 +0100 >>>>>>>>>>> ...sanity checks on dasboards...all seems well need to send by 4PM to Sina
Tue, 02 May 2023 12:06:06 +0100 >>>>>>>>>>> still few issues with twog....going back to it....
Tue, 02 May 2023 12:44:30 +0100 >>>>>>>>>>> attempted fix of issues... running...
Tue, 02 May 2023 12:58:38 +0100 >>>>>>>>>>> trying to get more efficient with Tmux...
Tue, 02 May 2023 12:58:54 +0100 >>>>>>>>>>> perhaps paper before that...
Tue, 02 May 2023 14:58:03 +0100 >>>>>>>>>>> trend of twog look good... need to extend for all for fracs...
Tue, 02 May 2023 14:59:31 +0100 >>>>>>>>>>> improved project schematic... with some of Sina commments
Tue, 02 May 2023 15:37:38 +0100 >>>>>>>>>>> working on HDS problems....
Wed, 17 May 2023 11:03:31 +0100 >>>>>>>>>>> forgot to add logs for Mon + Tues >>>
Wed, 17 May 2023 11:04:08 +0100 >>>>>>>>>>> starting logs now../..
Wed, 17 May 2023 11:05:28 +0100 >>>>>>>>>>> been setting up NEMO, and configs for quick and flexible data processing
Wed, 17 May 2023 11:28:33 +0100 >>>>>>>>>>> need qmake on camp.. issues replicating myenv on nemo
Wed, 17 May 2023 11:29:21 +0100 >>>>>>>>>>> taking a break.. been at it since 8AM
Wed, 17 May 2023 14:33:16 +0100 >>>>>>>>>>> got back, sought HPC for qmake issues
Wed, 17 May 2023 14:33:40 +0100 >>>>>>>>>>> switching to connectivity..
Wed, 17 May 2023 16:29:15 +0100 >>>>>>>>>>> identified 3 types of connectivity at 3 diff scales, how they arise, how they are measured/analyized (coherence, graph networks,cross-correlations), and also their interelationships
Thu, 18 May 2023 10:00:14 +0100 >>>>>>>>>>> In labmeeting ongoing..
Thu, 18 May 2023 10:23:30 +0100 >>>>>>>>>>> prep for Thursday meeting..
